# JRE version: Java(TM) SE Runtime Environment (8.0_411) (build 1.8.0_411-b09)
# Java VM: Java HotSpot(TM) 64-Bit Server VM (25.411-b09 mixed mode windows-amd64 compressed oops)
Heap:
 PSYoungGen      total 140800K, used 20859K [0x00000000f5580000, 0x00000000fed80000, 0x0000000100000000)
  eden space 128000K, 16% used [0x00000000f5580000,0x00000000f69dec60,0x00000000fd280000)
  from space 12800K, 0% used [0x00000000fde80000,0x00000000fde80000,0x00000000feb00000)
  to   space 12288K, 0% used [0x00000000fd280000,0x00000000fd280000,0x00000000fde80000)
 ParOldGen       total 175104K, used 14994K [0x00000000e0000000, 0x00000000eab00000, 0x00000000f5580000)
  object space 175104K, 8% used [0x00000000e0000000,0x00000000e0ea4a00,0x00000000eab00000)
 Metaspace       used 34878K, capacity 36920K, committed 37160K, reserved 417792K
  class space    used 5164K, capacity 5567K, committed 5672K, reserved 385024K
GC Heap History (10 events):
Event: 9.955 GC heap before
{Heap before GC invocations=8 (full 1):
 PSYoungGen      total 76288K, used 64000K [0x00000000f5580000, 0x00000000fac00000, 0x0000000100000000)
  eden space 64000K, 100% used [0x00000000f5580000,0x00000000f9400000,0x00000000f9400000)
  from space 12288K, 0% used [0x00000000fa000000,0x00000000fa000000,0x00000000fac00000)
  to   space 10752K, 0% used [0x00000000f9580000,0x00000000f9580000,0x00000000fa000000)
 ParOldGen       total 175104K, used 9377K [0x00000000e0000000, 0x00000000eab00000, 0x00000000f5580000)
  object space 175104K, 5% used [0x00000000e0000000,0x00000000e0928580,0x00000000eab00000)
 Metaspace       used 22500K, capacity 23468K, committed 23552K, reserved 405504K
  class space    used 3305K, capacity 3531K, committed 3584K, reserved 385024K
Event: 9.961 GC heap after
Heap after GC invocations=8 (full 1):
 PSYoungGen      total 76288K, used 4220K [0x00000000f5580000, 0x00000000fcd80000, 0x0000000100000000)
  eden space 65536K, 0% used [0x00000000f5580000,0x00000000f5580000,0x00000000f9580000)
  from space 10752K, 39% used [0x00000000f9580000,0x00000000f999f350,0x00000000fa000000)
  to   space 12800K, 0% used [0x00000000fc100000,0x00000000fc100000,0x00000000fcd80000)
 ParOldGen       total 175104K, used 9385K [0x00000000e0000000, 0x00000000eab00000, 0x00000000f5580000)
  object space 175104K, 5% used [0x00000000e0000000,0x00000000e092a580,0x00000000eab00000)
 Metaspace       used 22500K, capacity 23468K, committed 23552K, reserved 405504K
  class space    used 3305K, capacity 3531K, committed 3584K, reserved 385024K
}
Event: 11.113 GC heap before
{Heap before GC invocations=9 (full 1):
 PSYoungGen      total 76288K, used 69756K [0x00000000f5580000, 0x00000000fcd80000, 0x0000000100000000)
  eden space 65536K, 100% used [0x00000000f5580000,0x00000000f9580000,0x00000000f9580000)
  from space 10752K, 39% used [0x00000000f9580000,0x00000000f999f350,0x00000000fa000000)
  to   space 12800K, 0% used [0x00000000fc100000,0x00000000fc100000,0x00000000fcd80000)
 ParOldGen       total 175104K, used 9385K [0x00000000e0000000, 0x00000000eab00000, 0x00000000f5580000)
  object space 175104K, 5% used [0x00000000e0000000,0x00000000e092a580,0x00000000eab00000)
 Metaspace       used 25792K, capacity 27118K, committed 27264K, reserved 409600K
  class space    used 3841K, capacity 4112K, committed 4224K, reserved 385024K
Event: 11.125 GC heap after
Heap after GC invocations=9 (full 1):
 PSYoungGen      total 110080K, used 5858K [0x00000000f5580000, 0x00000000fcf80000, 0x0000000100000000)
  eden space 97280K, 0% used [0x00000000f5580000,0x00000000f5580000,0x00000000fb480000)
  from space 12800K, 45% used [0x00000000fc100000,0x00000000fc6b8ac0,0x00000000fcd80000)
  to   space 12800K, 0% used [0x00000000fb480000,0x00000000fb480000,0x00000000fc100000)
 ParOldGen       total 175104K, used 9393K [0x00000000e0000000, 0x00000000eab00000, 0x00000000f5580000)
  object space 175104K, 5% used [0x00000000e0000000,0x00000000e092c580,0x00000000eab00000)
 Metaspace       used 25792K, capacity 27118K, committed 27264K, reserved 409600K
  class space    used 3841K, capacity 4112K, committed 4224K, reserved 385024K
}
Event: 13.101 GC heap before
{Heap before GC invocations=10 (full 1):
 PSYoungGen      total 110080K, used 103138K [0x00000000f5580000, 0x00000000fcf80000, 0x0000000100000000)
  eden space 97280K, 100% used [0x00000000f5580000,0x00000000fb480000,0x00000000fb480000)
  from space 12800K, 45% used [0x00000000fc100000,0x00000000fc6b8ac0,0x00000000fcd80000)
  to   space 12800K, 0% used [0x00000000fb480000,0x00000000fb480000,0x00000000fc100000)
 ParOldGen       total 175104K, used 9393K [0x00000000e0000000, 0x00000000eab00000, 0x00000000f5580000)
  object space 175104K, 5% used [0x00000000e0000000,0x00000000e092c580,0x00000000eab00000)
 Metaspace       used 30922K, capacity 32694K, committed 32896K, reserved 413696K
  class space    used 4573K, capacity 4924K, committed 4992K, reserved 385024K
Event: 13.122 GC heap after
Heap after GC invocations=10 (full 1):
 PSYoungGen      total 110080K, used 8757K [0x00000000f5580000, 0x00000000feb00000, 0x0000000100000000)
  eden space 97280K, 0% used [0x00000000f5580000,0x00000000f5580000,0x00000000fb480000)
  from space 12800K, 68% used [0x00000000fb480000,0x00000000fbd0d410,0x00000000fc100000)
  to   space 12800K, 0% used [0x00000000fde80000,0x00000000fde80000,0x00000000feb00000)
 ParOldGen       total 175104K, used 9401K [0x00000000e0000000, 0x00000000eab00000, 0x00000000f5580000)
  object space 175104K, 5% used [0x00000000e0000000,0x00000000e092e580,0x00000000eab00000)
 Metaspace       used 30922K, capacity 32694K, committed 32896K, reserved 413696K
  class space    used 4573K, capacity 4924K, committed 4992K, reserved 385024K
}
Event: 13.769 GC heap before
{Heap before GC invocations=11 (full 1):
 PSYoungGen      total 110080K, used 27141K [0x00000000f5580000, 0x00000000feb00000, 0x0000000100000000)
  eden space 97280K, 18% used [0x00000000f5580000,0x00000000f67743c8,0x00000000fb480000)
  from space 12800K, 68% used [0x00000000fb480000,0x00000000fbd0d410,0x00000000fc100000)
  to   space 12800K, 0% used [0x00000000fde80000,0x00000000fde80000,0x00000000feb00000)
 ParOldGen       total 175104K, used 9401K [0x00000000e0000000, 0x00000000eab00000, 0x00000000f5580000)
  object space 175104K, 5% used [0x00000000e0000000,0x00000000e092e580,0x00000000eab00000)
 Metaspace       used 33702K, capacity 35422K, committed 35496K, reserved 415744K
  class space    used 4931K, capacity 5270K, committed 5288K, reserved 385024K
Event: 13.784 GC heap after
Heap after GC invocations=11 (full 1):
 PSYoungGen      total 140800K, used 7177K [0x00000000f5580000, 0x00000000fed80000, 0x0000000100000000)
  eden space 128000K, 0% used [0x00000000f5580000,0x00000000f5580000,0x00000000fd280000)
  from space 12800K, 56% used [0x00000000fde80000,0x00000000fe582748,0x00000000feb00000)
  to   space 12288K, 0% used [0x00000000fd280000,0x00000000fd280000,0x00000000fde80000)
 ParOldGen       total 175104K, used 9409K [0x00000000e0000000, 0x00000000eab00000, 0x00000000f5580000)
  object space 175104K, 5% used [0x00000000e0000000,0x00000000e0930580,0x00000000eab00000)
 Metaspace       used 33702K, capacity 35422K, committed 35496K, reserved 415744K
  class space    used 4931K, capacity 5270K, committed 5288K, reserved 385024K
}
Event: 13.785 GC heap before
{Heap before GC invocations=12 (full 2):
 PSYoungGen      total 140800K, used 7177K [0x00000000f5580000, 0x00000000fed80000, 0x0000000100000000)
  eden space 128000K, 0% used [0x00000000f5580000,0x00000000f5580000,0x00000000fd280000)
  from space 12800K, 56% used [0x00000000fde80000,0x00000000fe582748,0x00000000feb00000)
  to   space 12288K, 0% used [0x00000000fd280000,0x00000000fd280000,0x00000000fde80000)
 ParOldGen       total 175104K, used 9409K [0x00000000e0000000, 0x00000000eab00000, 0x00000000f5580000)
  object space 175104K, 5% used [0x00000000e0000000,0x00000000e0930580,0x00000000eab00000)
 Metaspace       used 33702K, capacity 35422K, committed 35496K, reserved 415744K
  class space    used 4931K, capacity 5270K, committed 5288K, reserved 385024K
Event: 13.896 GC heap after
Heap after GC invocations=12 (full 2):
 PSYoungGen      total 140800K, used 0K [0x00000000f5580000, 0x00000000fed80000, 0x0000000100000000)
  eden space 128000K, 0% used [0x00000000f5580000,0x00000000f5580000,0x00000000fd280000)
  from space 12800K, 0% used [0x00000000fde80000,0x00000000fde80000,0x00000000feb00000)
  to   space 12288K, 0% used [0x00000000fd280000,0x00000000fd280000,0x00000000fde80000)
 ParOldGen       total 175104K, used 14994K [0x00000000e0000000, 0x00000000eab00000, 0x00000000f5580000)
  object space 175104K, 8% used [0x00000000e0000000,0x00000000e0ea4a00,0x00000000eab00000)
 Metaspace       used 33702K, capacity 35422K, committed 35496K, reserved 415744K
  class space    used 4931K, capacity 5270K, committed 5288K, reserved 385024K
}

